<?xml version="1.0" encoding="UTF-8"?>
<robot generator="Robot 3.2.2 (Python 3.9.0 on win32)" generated="20201110 23:06:21.630" rpa="false">
<suite id="s1" name="TestSitePractice" source="C:\Users\renan\Documents\testeautomacaocomrobotframework\SuiteSiteTestePratice\tests\TestSitePractice.robot">
<test id="s1-t1" name="Caso de Teste 04: Pesquisar por um produto que não existe">
<kw name="Abrir Navegador" library="Resource" type="setup">
<kw name="Open Browser" library="SeleniumLibrary">
<doc>Opens a new browser instance to the optional ``url``.</doc>
<arguments>
<arg>about:blank</arg>
<arg>${BROWSER}</arg>
</arguments>
<msg timestamp="20201110 23:06:21.902" level="INFO">Opening browser 'firefox' to base url 'about:blank'.</msg>
<msg timestamp="20201110 23:06:21.908" level="INFO">Firefox driver log is always forced to to: C:\Users\renan\Documents\testeautomacaocomrobotframework\SuiteSiteTestePratice\results\geckodriver-75.log</msg>
<status status="PASS" starttime="20201110 23:06:21.902" endtime="20201110 23:06:28.141"></status>
</kw>
<status status="PASS" starttime="20201110 23:06:21.902" endtime="20201110 23:06:28.141"></status>
</kw>
<kw name="Acessar a página home do site" library="Resource">
<kw name="Go To" library="SeleniumLibrary">
<doc>Navigates the current browser window to the provided ``url``.</doc>
<arguments>
<arg>http://automationpractice.com/</arg>
</arguments>
<msg timestamp="20201110 23:06:28.143" level="INFO">Opening url 'http://automationpractice.com/'</msg>
<status status="PASS" starttime="20201110 23:06:28.142" endtime="20201110 23:06:31.697"></status>
</kw>
<kw name="Title Should Be" library="SeleniumLibrary">
<doc>Verifies that the current page title equals ``title``.</doc>
<arguments>
<arg>My Store</arg>
</arguments>
<msg timestamp="20201110 23:06:31.708" level="INFO">Page title is 'My Store'.</msg>
<status status="PASS" starttime="20201110 23:06:31.697" endtime="20201110 23:06:31.708"></status>
</kw>
<status status="PASS" starttime="20201110 23:06:28.142" endtime="20201110 23:06:31.708"></status>
</kw>
<kw name="Acessar a página de &quot;login&quot;" library="Resource">
<kw name="Click Link" library="SeleniumLibrary">
<doc>Clicks a link identified by ``locator``.</doc>
<arguments>
<arg>css=html body#index.index.hide-left-column.hide-right-column.lang_en div#page div.header-container header#header div.nav div.container div.row nav div.header_user_info a.login</arg>
</arguments>
<msg timestamp="20201110 23:06:31.710" level="INFO">Clicking link 'css=html body#index.index.hide-left-column.hide-right-column.lang_en div#page div.header-container header#header div.nav div.container div.row nav div.header_user_info a.login'.</msg>
<status status="PASS" starttime="20201110 23:06:31.710" endtime="20201110 23:06:33.106"></status>
</kw>
<kw name="Set Selenium Timeout" library="SeleniumLibrary">
<doc>Sets the timeout that is used by various keywords.</doc>
<arguments>
<arg>1000</arg>
</arguments>
<status status="PASS" starttime="20201110 23:06:33.106" endtime="20201110 23:06:33.110"></status>
</kw>
<status status="PASS" starttime="20201110 23:06:31.709" endtime="20201110 23:06:33.110"></status>
</kw>
<kw name="Realizar o &quot;login&quot; utilizando o e-mail &quot;renanzsda@gmail.com&quot; e a senha &quot;renan&quot;" library="Resource">
<kw name="Input Text" library="SeleniumLibrary">
<doc>Types the given ``text`` into the text field identified by ``locator``.</doc>
<arguments>
<arg>id=email</arg>
<arg>${email}</arg>
</arguments>
<msg timestamp="20201110 23:06:33.112" level="INFO">Typing text 'renanzsda@gmail.com' into text field 'id=email'.</msg>
<status status="PASS" starttime="20201110 23:06:33.111" endtime="20201110 23:06:33.174"></status>
</kw>
<kw name="Input Password" library="SeleniumLibrary">
<doc>Types the given password into the text field identified by ``locator``.</doc>
<arguments>
<arg>id=passwd</arg>
<arg>${senha}</arg>
</arguments>
<msg timestamp="20201110 23:06:33.174" level="INFO">Typing password into text field 'id=passwd'.</msg>
<msg timestamp="20201110 23:06:33.181" level="INFO">Temporally setting log level to: NONE</msg>
<msg timestamp="20201110 23:06:33.206" level="INFO">Log level changed from NONE to INFO.</msg>
<status status="PASS" starttime="20201110 23:06:33.174" endtime="20201110 23:06:33.206"></status>
</kw>
<kw name="Click Element" library="SeleniumLibrary">
<doc>Click the element identified by ``locator``.</doc>
<arguments>
<arg>id=SubmitLogin</arg>
</arguments>
<msg timestamp="20201110 23:06:33.206" level="INFO">Clicking element 'id=SubmitLogin'.</msg>
<status status="PASS" starttime="20201110 23:06:33.206" endtime="20201110 23:06:34.635"></status>
</kw>
<kw name="Set Selenium Timeout" library="SeleniumLibrary">
<doc>Sets the timeout that is used by various keywords.</doc>
<arguments>
<arg>1000</arg>
</arguments>
<status status="PASS" starttime="20201110 23:06:34.635" endtime="20201110 23:06:34.639"></status>
</kw>
<status status="PASS" starttime="20201110 23:06:33.110" endtime="20201110 23:06:34.639"></status>
</kw>
<kw name="Verificar se o &quot;login&quot; foi realizado com sucesso verificando se o nome do usuário &quot;logado&quot; é &quot;Renan Silva de Araújo&quot;" library="Resource">
<kw name="Page Should Contain" library="SeleniumLibrary">
<doc>Verifies that current page contains ``text``.</doc>
<arguments>
<arg>${usuario}</arg>
</arguments>
<msg timestamp="20201110 23:06:34.659" level="INFO">Current page contains text 'Renan Silva de Araújo'.</msg>
<status status="PASS" starttime="20201110 23:06:34.641" endtime="20201110 23:06:34.660"></status>
</kw>
<status status="PASS" starttime="20201110 23:06:34.640" endtime="20201110 23:06:34.660"></status>
</kw>
<kw name="Digitar o nome do produto &quot;Teste&quot; no campo de pesquisa" library="Resource">
<kw name="Input Text" library="SeleniumLibrary">
<doc>Types the given ``text`` into the text field identified by ``locator``.</doc>
<arguments>
<arg>id=search_query_top</arg>
<arg>${produto}</arg>
</arguments>
<msg timestamp="20201110 23:06:34.661" level="INFO">Typing text 'Teste' into text field 'id=search_query_top'.</msg>
<status status="PASS" starttime="20201110 23:06:34.661" endtime="20201110 23:06:34.684"></status>
</kw>
<status status="PASS" starttime="20201110 23:06:34.660" endtime="20201110 23:06:34.684"></status>
</kw>
<kw name="Clicar no botão Pesquisar" library="Resource">
<kw name="Click Element" library="SeleniumLibrary">
<doc>Click the element identified by ``locator``.</doc>
<arguments>
<arg>name=submit_search</arg>
</arguments>
<msg timestamp="20201110 23:06:34.685" level="INFO">Clicking element 'name=submit_search'.</msg>
<status status="PASS" starttime="20201110 23:06:34.685" endtime="20201110 23:06:35.714"></status>
</kw>
<status status="PASS" starttime="20201110 23:06:34.685" endtime="20201110 23:06:35.715"></status>
</kw>
<kw name="Não deve ser encontrado nada" library="Resource">
<kw name="Page Should Contain" library="SeleniumLibrary">
<doc>Verifies that current page contains ``text``.</doc>
<arguments>
<arg>No results were found for your search</arg>
</arguments>
<msg timestamp="20201110 23:06:35.730" level="INFO">Current page contains text 'No results were found for your search'.</msg>
<status status="PASS" starttime="20201110 23:06:35.716" endtime="20201110 23:06:35.731"></status>
</kw>
<status status="PASS" starttime="20201110 23:06:35.715" endtime="20201110 23:06:35.731"></status>
</kw>
<status status="PASS" starttime="20201110 23:06:21.900" endtime="20201110 23:06:35.731" critical="yes"></status>
</test>
<status status="PASS" starttime="20201110 23:06:21.633" endtime="20201110 23:06:35.733"></status>
</suite>
<statistics>
<total>
<stat pass="1" fail="0">Critical Tests</stat>
<stat pass="1" fail="0">All Tests</stat>
</total>
<tag>
</tag>
<suite>
<stat pass="1" fail="0" id="s1" name="TestSitePractice">TestSitePractice</stat>
</suite>
</statistics>
<errors>
</errors>
</robot>
